  Main.cpp
  Animation.cpp
C:\Users\moham\Desktop\C++ Games\Helicopter_Miniclip\Helicopter_Miniclip\src\Animation\Animation.cpp(11,143): warning C4244: 'argument': conversion from 'int' to 'float', possible loss of data
C:\Users\moham\Desktop\C++ Games\Helicopter_Miniclip\Helicopter_Miniclip\src\Animation\Animation.cpp(11,134): warning C4244: 'argument': conversion from 'int' to 'float', possible loss of data
C:\Users\moham\Desktop\C++ Games\Helicopter_Miniclip\Helicopter_Miniclip\src\Animation\Animation.cpp(11,63): warning C4244: 'argument': conversion from 'float' to 'int', possible loss of data
C:\Users\moham\Desktop\C++ Games\Helicopter_Miniclip\Helicopter_Miniclip\src\Animation\Animation.cpp(11,55): warning C4244: 'argument': conversion from 'float' to 'int', possible loss of data
  Camera.cpp
C:\Users\moham\Desktop\C++ Games\Helicopter_Miniclip\Helicopter_Miniclip\src\Camera\Camera.cpp(24,29): warning C4244: '=': conversion from 'float' to 'int', possible loss of data
C:\Users\moham\Desktop\C++ Games\Helicopter_Miniclip\Helicopter_Miniclip\src\Camera\Camera.cpp(25,29): warning C4244: '=': conversion from 'float' to 'int', possible loss of data
C:\Users\moham\Desktop\C++ Games\Helicopter_Miniclip\Helicopter_Miniclip\src\Camera\Camera.cpp(47,47): warning C4244: 'argument': conversion from 'int' to 'float', possible loss of data
C:\Users\moham\Desktop\C++ Games\Helicopter_Miniclip\Helicopter_Miniclip\src\Camera\Camera.cpp(47,34): warning C4244: 'argument': conversion from 'int' to 'float', possible loss of data
C:\Users\moham\Desktop\C++ Games\Helicopter_Miniclip\Helicopter_Miniclip\src\Camera\Camera.cpp(55,30): warning C4244: '=': conversion from 'float' to 'int', possible loss of data
C:\Users\moham\Desktop\C++ Games\Helicopter_Miniclip\Helicopter_Miniclip\src\Camera\Camera.cpp(56,30): warning C4244: '=': conversion from 'float' to 'int', possible loss of data
  Enemy.cpp
C:\Users\moham\Desktop\C++ Games\Helicopter_Miniclip\Helicopter_Miniclip\src\Object\GameObject.h(38,14): warning C4244: '=': conversion from 'float' to 'int', possible loss of data
C:\Users\moham\Desktop\C++ Games\Helicopter_Miniclip\Helicopter_Miniclip\src\Object\GameObject.h(39,14): warning C4244: '=': conversion from 'float' to 'int', possible loss of data
C:\Users\moham\Desktop\C++ Games\Helicopter_Miniclip\Helicopter_Miniclip\src\Obstacle\ObstacleBlocks.h(14,16): warning C4244: '=': conversion from 'float' to 'int', possible loss of data
C:\Users\moham\Desktop\C++ Games\Helicopter_Miniclip\Helicopter_Miniclip\src\Obstacle\ObstacleBlocks.h(15,16): warning C4244: '=': conversion from 'float' to 'int', possible loss of data
C:\Users\moham\Desktop\C++ Games\Helicopter_Miniclip\Helicopter_Miniclip\src\Obstacle\ObstacleBlocks.h(16,24): warning C4244: '=': conversion from 'float' to 'int', possible loss of data
C:\Users\moham\Desktop\C++ Games\Helicopter_Miniclip\Helicopter_Miniclip\src\Obstacle\ObstacleBlocks.h(17,24): warning C4244: '=': conversion from 'float' to 'int', possible loss of data
C:\Users\moham\Desktop\C++ Games\Helicopter_Miniclip\Helicopter_Miniclip\src\Character\Enemy.cpp(29,29): warning C4244: '=': conversion from 'float' to 'int', possible loss of data
C:\Users\moham\Desktop\C++ Games\Helicopter_Miniclip\Helicopter_Miniclip\src\Character\Enemy.cpp(37,30): warning C4244: '=': conversion from 'float' to 'int', possible loss of data
C:\Users\moham\Desktop\C++ Games\Helicopter_Miniclip\Helicopter_Miniclip\src\Character\Enemy.cpp(45,30): warning C4244: '=': conversion from 'float' to 'int', possible loss of data
C:\Users\moham\Desktop\C++ Games\Helicopter_Miniclip\Helicopter_Miniclip\src\Character\Enemy.cpp(62,74): warning C4244: 'argument': conversion from 'double' to 'float', possible loss of data
C:\Users\moham\Desktop\C++ Games\Helicopter_Miniclip\Helicopter_Miniclip\src\Character\Enemy.cpp(68,28): warning C4244: '=': conversion from 'double' to 'int', possible loss of data
C:\Users\moham\Desktop\C++ Games\Helicopter_Miniclip\Helicopter_Miniclip\src\Character\Enemy.cpp(69,28): warning C4244: '=': conversion from 'double' to 'int', possible loss of data
C:\Users\moham\Desktop\C++ Games\Helicopter_Miniclip\Helicopter_Miniclip\src\Character\Enemy.cpp(78,26): warning C4305: '-=': truncation from 'double' to 'float'
C:\Users\moham\Desktop\C++ Games\Helicopter_Miniclip\Helicopter_Miniclip\src\Character\Enemy.cpp(113,76): warning C4244: 'argument': conversion from 'float' to 'int', possible loss of data
C:\Users\moham\Desktop\C++ Games\Helicopter_Miniclip\Helicopter_Miniclip\src\Character\Enemy.cpp(113,61): warning C4244: 'argument': conversion from 'float' to 'int', possible loss of data
C:\Users\moham\Desktop\C++ Games\Helicopter_Miniclip\Helicopter_Miniclip\src\Character\Enemy.cpp(114,71): warning C4244: 'argument': conversion from 'float' to 'int', possible loss of data
C:\Users\moham\Desktop\C++ Games\Helicopter_Miniclip\Helicopter_Miniclip\src\Character\Enemy.cpp(114,55): warning C4244: 'argument': conversion from 'float' to 'int', possible loss of data
C:\Users\moham\Desktop\C++ Games\Helicopter_Miniclip\Helicopter_Miniclip\src\Character\Enemy.cpp(117,26): warning C4244: '-=': conversion from 'float' to 'int', possible loss of data
C:\Users\moham\Desktop\C++ Games\Helicopter_Miniclip\Helicopter_Miniclip\src\Character\Enemy.cpp(118,26): warning C4244: '-=': conversion from 'float' to 'int', possible loss of data
C:\Users\moham\Desktop\C++ Games\Helicopter_Miniclip\Helicopter_Miniclip\src\Character\Enemy.cpp(127,15): warning C4244: '-=': conversion from 'float' to 'int', possible loss of data
C:\Users\moham\Desktop\C++ Games\Helicopter_Miniclip\Helicopter_Miniclip\src\Character\Enemy.cpp(128,15): warning C4244: '-=': conversion from 'float' to 'int', possible loss of data
  Helicopter.cpp
C:\Users\moham\Desktop\C++ Games\Helicopter_Miniclip\Helicopter_Miniclip\src\Object\GameObject.h(38,14): warning C4244: '=': conversion from 'float' to 'int', possible loss of data
C:\Users\moham\Desktop\C++ Games\Helicopter_Miniclip\Helicopter_Miniclip\src\Object\GameObject.h(39,14): warning C4244: '=': conversion from 'float' to 'int', possible loss of data
C:\Users\moham\Desktop\C++ Games\Helicopter_Miniclip\Helicopter_Miniclip\src\Obstacle\ObstacleBlocks.h(14,16): warning C4244: '=': conversion from 'float' to 'int', possible loss of data
C:\Users\moham\Desktop\C++ Games\Helicopter_Miniclip\Helicopter_Miniclip\src\Obstacle\ObstacleBlocks.h(15,16): warning C4244: '=': conversion from 'float' to 'int', possible loss of data
C:\Users\moham\Desktop\C++ Games\Helicopter_Miniclip\Helicopter_Miniclip\src\Obstacle\ObstacleBlocks.h(16,24): warning C4244: '=': conversion from 'float' to 'int', possible loss of data
C:\Users\moham\Desktop\C++ Games\Helicopter_Miniclip\Helicopter_Miniclip\src\Obstacle\ObstacleBlocks.h(17,24): warning C4244: '=': conversion from 'float' to 'int', possible loss of data
C:\Users\moham\Desktop\C++ Games\Helicopter_Miniclip\Helicopter_Miniclip\src\Character\Helicopter.cpp(38,26): warning C4244: '+=': conversion from 'float' to 'int', possible loss of data
C:\Users\moham\Desktop\C++ Games\Helicopter_Miniclip\Helicopter_Miniclip\src\Character\Helicopter.cpp(39,26): warning C4244: '+=': conversion from 'float' to 'int', possible loss of data
C:\Users\moham\Desktop\C++ Games\Helicopter_Miniclip\Helicopter_Miniclip\src\Character\Helicopter.cpp(51,14): warning C4244: '-=': conversion from 'float' to 'int', possible loss of data
C:\Users\moham\Desktop\C++ Games\Helicopter_Miniclip\Helicopter_Miniclip\src\Character\Helicopter.cpp(52,14): warning C4244: '-=': conversion from 'float' to 'int', possible loss of data
C:\Users\moham\Desktop\C++ Games\Helicopter_Miniclip\Helicopter_Miniclip\src\Character\Helicopter.cpp(85,46): warning C4244: 'argument': conversion from 'float' to 'int', possible loss of data
C:\Users\moham\Desktop\C++ Games\Helicopter_Miniclip\Helicopter_Miniclip\src\Character\Helicopter.cpp(85,30): warning C4244: 'argument': conversion from 'float' to 'int', possible loss of data
C:\Users\moham\Desktop\C++ Games\Helicopter_Miniclip\Helicopter_Miniclip\src\Character\Helicopter.cpp(101,18): warning C4244: '=': conversion from 'float' to 'int', possible loss of data
C:\Users\moham\Desktop\C++ Games\Helicopter_Miniclip\Helicopter_Miniclip\src\Character\Helicopter.cpp(143,63): warning C4244: 'argument': conversion from 'double' to 'int', possible loss of data
C:\Users\moham\Desktop\C++ Games\Helicopter_Miniclip\Helicopter_Miniclip\src\Character\Helicopter.cpp(143,59): warning C4244: 'argument': conversion from 'double' to 'int', possible loss of data
C:\Users\moham\Desktop\C++ Games\Helicopter_Miniclip\Helicopter_Miniclip\src\Character\Helicopter.cpp(158,19): warning C4244: '=': conversion from 'int' to 'float', possible loss of data
C:\Users\moham\Desktop\C++ Games\Helicopter_Miniclip\Helicopter_Miniclip\src\Character\Helicopter.cpp(159,19): warning C4244: '=': conversion from 'int' to 'float', possible loss of data
C:\Users\moham\Desktop\C++ Games\Helicopter_Miniclip\Helicopter_Miniclip\src\Character\Helicopter.cpp(161,16): warning C4244: '=': conversion from 'int' to 'float', possible loss of data
C:\Users\moham\Desktop\C++ Games\Helicopter_Miniclip\Helicopter_Miniclip\src\Character\Helicopter.cpp(162,16): warning C4244: '=': conversion from 'int' to 'float', possible loss of data
C:\Users\moham\Desktop\C++ Games\Helicopter_Miniclip\Helicopter_Miniclip\src\Character\Helicopter.cpp(164,45): warning C4244: 'argument': conversion from 'float' to 'int', possible loss of data
C:\Users\moham\Desktop\C++ Games\Helicopter_Miniclip\Helicopter_Miniclip\src\Character\Helicopter.cpp(164,29): warning C4244: 'argument': conversion from 'float' to 'int', possible loss of data
C:\Users\moham\Desktop\C++ Games\Helicopter_Miniclip\Helicopter_Miniclip\src\Character\Helicopter.cpp(173,28): warning C4244: '=': conversion from 'float' to 'int', possible loss of data
C:\Users\moham\Desktop\C++ Games\Helicopter_Miniclip\Helicopter_Miniclip\src\Character\Helicopter.cpp(174,28): warning C4244: '=': conversion from 'float' to 'int', possible loss of data
C:\Users\moham\Desktop\C++ Games\Helicopter_Miniclip\Helicopter_Miniclip\src\Character\Helicopter.cpp(188,80): warning C4244: 'argument': conversion from 'double' to 'float', possible loss of data
C:\Users\moham\Desktop\C++ Games\Helicopter_Miniclip\Helicopter_Miniclip\src\Character\Helicopter.cpp(189,78): warning C4305: 'argument': truncation from 'double' to 'float'
C:\Users\moham\Desktop\C++ Games\Helicopter_Miniclip\Helicopter_Miniclip\src\Character\Helicopter.cpp(194,26): warning C4244: 'argument': conversion from 'int' to 'float', possible loss of data
C:\Users\moham\Desktop\C++ Games\Helicopter_Miniclip\Helicopter_Miniclip\src\Character\Helicopter.cpp(194,18): warning C4244: 'argument': conversion from 'int' to 'float', possible loss of data
C:\Users\moham\Desktop\C++ Games\Helicopter_Miniclip\Helicopter_Miniclip\src\Character\Helicopter.cpp(203,31): warning C4244: '=': conversion from 'double' to 'int', possible loss of data
C:\Users\moham\Desktop\C++ Games\Helicopter_Miniclip\Helicopter_Miniclip\src\Character\Helicopter.cpp(204,31): warning C4244: '=': conversion from 'double' to 'int', possible loss of data
  CollisionHandler.cpp
  Engine.cpp
C:\Users\moham\Desktop\C++ Games\Helicopter_Miniclip\Helicopter_Miniclip\src\Object\GameObject.h(38,14): warning C4244: '=': conversion from 'float' to 'int', possible loss of data
C:\Users\moham\Desktop\C++ Games\Helicopter_Miniclip\Helicopter_Miniclip\src\Object\GameObject.h(39,14): warning C4244: '=': conversion from 'float' to 'int', possible loss of data
C:\Users\moham\Desktop\C++ Games\Helicopter_Miniclip\Helicopter_Miniclip\src\Obstacle\ObstacleBlocks.h(14,16): warning C4244: '=': conversion from 'float' to 'int', possible loss of data
C:\Users\moham\Desktop\C++ Games\Helicopter_Miniclip\Helicopter_Miniclip\src\Obstacle\ObstacleBlocks.h(15,16): warning C4244: '=': conversion from 'float' to 'int', possible loss of data
C:\Users\moham\Desktop\C++ Games\Helicopter_Miniclip\Helicopter_Miniclip\src\Obstacle\ObstacleBlocks.h(16,24): warning C4244: '=': conversion from 'float' to 'int', possible loss of data
C:\Users\moham\Desktop\C++ Games\Helicopter_Miniclip\Helicopter_Miniclip\src\Obstacle\ObstacleBlocks.h(17,24): warning C4244: '=': conversion from 'float' to 'int', possible loss of data
C:\Users\moham\Desktop\C++ Games\Helicopter_Miniclip\Helicopter_Miniclip\src\Core\Engine.cpp(160,95): warning C4244: 'argument': conversion from 'float' to 'int', possible loss of data
C:\Users\moham\Desktop\C++ Games\Helicopter_Miniclip\Helicopter_Miniclip\src\Core\Engine.cpp(171,107): warning C4244: 'argument': conversion from 'float' to 'int', possible loss of data
C:\Users\moham\Desktop\C++ Games\Helicopter_Miniclip\Helicopter_Miniclip\src\Core\Engine.cpp(171,78): warning C4244: 'argument': conversion from 'float' to 'int', possible loss of data
  TextureManger.cpp
C:\Users\moham\Desktop\C++ Games\Helicopter_Miniclip\Helicopter_Miniclip\src\Graphics\TextureManger.cpp(29,27): warning C4838: conversion from 'float' to 'int' requires a narrowing conversion
C:\Users\moham\Desktop\C++ Games\Helicopter_Miniclip\Helicopter_Miniclip\src\Graphics\TextureManger.cpp(29,27): warning C4244: 'initializing': conversion from 'float' to 'int', possible loss of data
C:\Users\moham\Desktop\C++ Games\Helicopter_Miniclip\Helicopter_Miniclip\src\Graphics\TextureManger.cpp(29,40): warning C4838: conversion from 'float' to 'int' requires a narrowing conversion
C:\Users\moham\Desktop\C++ Games\Helicopter_Miniclip\Helicopter_Miniclip\src\Graphics\TextureManger.cpp(29,40): warning C4244: 'initializing': conversion from 'float' to 'int', possible loss of data
C:\Users\moham\Desktop\C++ Games\Helicopter_Miniclip\Helicopter_Miniclip\src\Graphics\TextureManger.cpp(29,58): warning C4838: conversion from 'float' to 'int' requires a narrowing conversion
C:\Users\moham\Desktop\C++ Games\Helicopter_Miniclip\Helicopter_Miniclip\src\Graphics\TextureManger.cpp(29,58): warning C4244: 'initializing': conversion from 'float' to 'int', possible loss of data
C:\Users\moham\Desktop\C++ Games\Helicopter_Miniclip\Helicopter_Miniclip\src\Graphics\TextureManger.cpp(29,80): warning C4838: conversion from 'float' to 'int' requires a narrowing conversion
C:\Users\moham\Desktop\C++ Games\Helicopter_Miniclip\Helicopter_Miniclip\src\Graphics\TextureManger.cpp(29,80): warning C4244: 'initializing': conversion from 'float' to 'int', possible loss of data
C:\Users\moham\Desktop\C++ Games\Helicopter_Miniclip\Helicopter_Miniclip\src\Graphics\TextureManger.cpp(41,27): warning C4838: conversion from 'float' to 'int' requires a narrowing conversion
C:\Users\moham\Desktop\C++ Games\Helicopter_Miniclip\Helicopter_Miniclip\src\Graphics\TextureManger.cpp(41,27): warning C4244: 'initializing': conversion from 'float' to 'int', possible loss of data
C:\Users\moham\Desktop\C++ Games\Helicopter_Miniclip\Helicopter_Miniclip\src\Graphics\TextureManger.cpp(41,39): warning C4838: conversion from 'float' to 'int' requires a narrowing conversion
C:\Users\moham\Desktop\C++ Games\Helicopter_Miniclip\Helicopter_Miniclip\src\Graphics\TextureManger.cpp(41,39): warning C4244: 'initializing': conversion from 'float' to 'int', possible loss of data
C:\Users\moham\Desktop\C++ Games\Helicopter_Miniclip\Helicopter_Miniclip\src\Graphics\TextureManger.cpp(41,56): warning C4838: conversion from 'float' to 'int' requires a narrowing conversion
C:\Users\moham\Desktop\C++ Games\Helicopter_Miniclip\Helicopter_Miniclip\src\Graphics\TextureManger.cpp(41,56): warning C4244: 'initializing': conversion from 'float' to 'int', possible loss of data
C:\Users\moham\Desktop\C++ Games\Helicopter_Miniclip\Helicopter_Miniclip\src\Graphics\TextureManger.cpp(41,77): warning C4838: conversion from 'float' to 'int' requires a narrowing conversion
C:\Users\moham\Desktop\C++ Games\Helicopter_Miniclip\Helicopter_Miniclip\src\Graphics\TextureManger.cpp(41,77): warning C4244: 'initializing': conversion from 'float' to 'int', possible loss of data
  Input.cpp
  ImageLayer.cpp
  ObstacleBlocks.cpp
C:\Users\moham\Desktop\C++ Games\Helicopter_Miniclip\Helicopter_Miniclip\src\Object\GameObject.h(38,14): warning C4244: '=': conversion from 'float' to 'int', possible loss of data
C:\Users\moham\Desktop\C++ Games\Helicopter_Miniclip\Helicopter_Miniclip\src\Object\GameObject.h(39,14): warning C4244: '=': conversion from 'float' to 'int', possible loss of data
C:\Users\moham\Desktop\C++ Games\Helicopter_Miniclip\Helicopter_Miniclip\src\Obstacle\ObstacleBlocks.h(14,16): warning C4244: '=': conversion from 'float' to 'int', possible loss of data
C:\Users\moham\Desktop\C++ Games\Helicopter_Miniclip\Helicopter_Miniclip\src\Obstacle\ObstacleBlocks.h(15,16): warning C4244: '=': conversion from 'float' to 'int', possible loss of data
C:\Users\moham\Desktop\C++ Games\Helicopter_Miniclip\Helicopter_Miniclip\src\Obstacle\ObstacleBlocks.h(16,24): warning C4244: '=': conversion from 'float' to 'int', possible loss of data
C:\Users\moham\Desktop\C++ Games\Helicopter_Miniclip\Helicopter_Miniclip\src\Obstacle\ObstacleBlocks.h(17,24): warning C4244: '=': conversion from 'float' to 'int', possible loss of data
C:\Users\moham\Desktop\C++ Games\Helicopter_Miniclip\Helicopter_Miniclip\src\Obstacle\ObstacleBlocks.cpp(13,104): warning C4244: 'argument': conversion from 'int' to 'float', possible loss of data
C:\Users\moham\Desktop\C++ Games\Helicopter_Miniclip\Helicopter_Miniclip\src\Obstacle\ObstacleBlocks.cpp(13,94): warning C4244: 'argument': conversion from 'int' to 'float', possible loss of data
C:\Users\moham\Desktop\C++ Games\Helicopter_Miniclip\Helicopter_Miniclip\src\Obstacle\ObstacleBlocks.cpp(20,15): warning C4244: '-=': conversion from 'float' to 'int', possible loss of data
C:\Users\moham\Desktop\C++ Games\Helicopter_Miniclip\Helicopter_Miniclip\src\Obstacle\ObstacleBlocks.cpp(21,15): warning C4244: '-=': conversion from 'float' to 'int', possible loss of data
C:\Users\moham\Desktop\C++ Games\Helicopter_Miniclip\Helicopter_Miniclip\src\Obstacle\ObstacleBlocks.cpp(31,18): warning C4244: 'initializing': conversion from 'float' to 'int', possible loss of data
C:\Users\moham\Desktop\C++ Games\Helicopter_Miniclip\Helicopter_Miniclip\src\Obstacle\ObstacleBlocks.cpp(40,23): warning C4244: '=': conversion from 'int' to 'float', possible loss of data
C:\Users\moham\Desktop\C++ Games\Helicopter_Miniclip\Helicopter_Miniclip\src\Obstacle\ObstacleBlocks.cpp(41,23): warning C4244: '=': conversion from 'int' to 'float', possible loss of data
C:\Users\moham\Desktop\C++ Games\Helicopter_Miniclip\Helicopter_Miniclip\src\Obstacle\ObstacleBlocks.cpp(50,45): warning C4244: 'argument': conversion from 'int' to 'float', possible loss of data
C:\Users\moham\Desktop\C++ Games\Helicopter_Miniclip\Helicopter_Miniclip\src\Obstacle\ObstacleBlocks.cpp(50,36): warning C4244: 'argument': conversion from 'int' to 'float', possible loss of data
C:\Users\moham\Desktop\C++ Games\Helicopter_Miniclip\Helicopter_Miniclip\src\Obstacle\ObstacleBlocks.cpp(64,23): warning C4244: '=': conversion from 'float' to 'int', possible loss of data
C:\Users\moham\Desktop\C++ Games\Helicopter_Miniclip\Helicopter_Miniclip\src\Obstacle\ObstacleBlocks.cpp(65,23): warning C4244: '=': conversion from 'float' to 'int', possible loss of data
  TextManger.cpp
  Generating Code...
  Helicopter_Miniclip.vcxproj -> C:\Users\moham\Desktop\C++ Games\Helicopter_Miniclip\x64\Debug\Helicopter_Miniclip.exe
